2025-08-15 14:54:28,285 - __main__ - INFO - Processing Columbus-86th: videos/Columbus-86th_2025-02-13_06-00-06.mp4
2025-08-15 14:54:28,285 - __main__ - INFO - Output video: processed_videos/Columbus-86th_2025-02-13_06-00-06_with_loops.mp4
2025-08-15 14:54:28,285 - __main__ - INFO - Output data: processed_videos/Columbus-86th_2025-02-13_06-00-06_traffic_data.json
2025-08-15 14:54:28,285 - video_processor_with_loops - INFO - Loading YOLO model from: /home/roboticslab/City College Dropbox/BO SHANG/gsv_truck/2025/ws/runs/best.pt
2025-08-15 14:54:28,407 - video_processor_with_loops - INFO - Model loaded successfully
2025-08-15 14:54:28,407 - video_processor_with_loops - INFO - Model classes: {0: 'Ped', 1: 'Bk/Mc', 2: 'PC', 3: 'Bus', 4: 'Truck', 5: 'Unknown', 6: 'trailer'}
2025-08-15 14:54:28,407 - virtual_loop - INFO - Added virtual loop: Katonah_Ave_Entry with 4 points
2025-08-15 14:54:28,407 - virtual_loop - INFO - Added virtual loop: Katonah_Ave_Exit with 4 points
2025-08-15 14:54:28,407 - virtual_loop - INFO - Added virtual loop: East_241st_Entry with 4 points
2025-08-15 14:54:28,407 - virtual_loop - INFO - Added virtual loop: East_241st_Exit with 4 points
2025-08-15 14:54:28,407 - video_processor_with_loops - INFO - Initialized 4 virtual loops for Columbus-86th
2025-08-15 14:54:28,407 - video_processor_with_loops - INFO - Processing video with virtual loops: videos/Columbus-86th_2025-02-13_06-00-06.mp4
2025-08-15 14:54:28,438 - video_processor_with_loops - INFO - Video specs: 1920x1080, 24fps, 22498 frames
2025-08-15 14:54:28,438 - video_processor_with_loops - INFO - Added exclusion zone: {'x1': 1440, 'y1': 0, 'x2': 1920, 'y2': 648}
2025-08-15 14:54:28,441 - video_processor_with_loops - INFO - Starting frame-by-frame processing...
2025-08-15 14:54:40,346 - video_processor_with_loops - INFO - Progress: 1.1% (240/22498), ETA: 1104.1s
2025-08-15 14:54:49,946 - video_processor_with_loops - INFO - Progress: 2.1% (480/22498), ETA: 986.5s
2025-08-15 14:54:59,318 - video_processor_with_loops - INFO - Progress: 3.2% (720/22498), ETA: 934.0s
2025-08-15 14:55:08,467 - video_processor_with_loops - INFO - Progress: 4.3% (960/22498), ETA: 898.0s
2025-08-15 14:55:17,798 - video_processor_with_loops - INFO - Progress: 5.3% (1200/22498), ETA: 876.0s
2025-08-15 14:55:27,063 - video_processor_with_loops - INFO - Progress: 6.4% (1440/22498), ETA: 857.3s
2025-08-15 14:55:36,277 - video_processor_with_loops - INFO - Progress: 7.5% (1680/22498), ETA: 840.6s
2025-08-15 14:55:45,727 - video_processor_with_loops - INFO - Progress: 8.5% (1920/22498), ETA: 828.3s
2025-08-15 14:55:55,246 - video_processor_with_loops - INFO - Progress: 9.6% (2160/22498), ETA: 817.3s
2025-08-15 14:56:04,810 - video_processor_with_loops - INFO - Progress: 10.7% (2400/22498), ETA: 807.0s
2025-08-15 14:56:14,271 - video_processor_with_loops - INFO - Progress: 11.7% (2640/22498), ETA: 796.1s
2025-08-15 14:56:23,660 - video_processor_with_loops - INFO - Progress: 12.8% (2880/22498), ETA: 784.9s
2025-08-15 14:56:32,909 - video_processor_with_loops - INFO - Progress: 13.9% (3120/22498), ETA: 773.1s
2025-08-15 14:56:42,074 - video_processor_with_loops - INFO - Progress: 14.9% (3360/22498), ETA: 761.2s
2025-08-15 14:56:51,135 - video_processor_with_loops - INFO - Progress: 16.0% (3600/22498), ETA: 749.1s
2025-08-15 14:57:00,319 - video_processor_with_loops - INFO - Progress: 17.1% (3840/22498), ETA: 738.0s
2025-08-15 14:57:09,608 - video_processor_with_loops - INFO - Progress: 18.1% (4080/22498), ETA: 727.5s
2025-08-15 14:57:18,947 - video_processor_with_loops - INFO - Progress: 19.2% (4320/22498), ETA: 717.5s
2025-08-15 14:57:28,310 - video_processor_with_loops - INFO - Progress: 20.3% (4560/22498), ETA: 707.6s
2025-08-15 14:57:37,633 - video_processor_with_loops - INFO - Progress: 21.3% (4800/22498), ETA: 697.6s
2025-08-15 14:57:47,182 - video_processor_with_loops - INFO - Progress: 22.4% (5040/22498), ETA: 688.4s
2025-08-15 14:57:56,417 - video_processor_with_loops - INFO - Progress: 23.5% (5280/22498), ETA: 678.2s
2025-08-15 14:58:05,621 - video_processor_with_loops - INFO - Progress: 24.5% (5520/22498), ETA: 668.0s
2025-08-15 14:58:14,917 - video_processor_with_loops - INFO - Progress: 25.6% (5760/22498), ETA: 658.1s
2025-08-15 14:58:24,025 - video_processor_with_loops - INFO - Progress: 26.7% (6000/22498), ETA: 647.8s
2025-08-15 14:58:33,160 - video_processor_with_loops - INFO - Progress: 27.7% (6240/22498), ETA: 637.6s
2025-08-15 14:58:42,499 - video_processor_with_loops - INFO - Progress: 28.8% (6480/22498), ETA: 628.0s
2025-08-15 14:58:52,047 - video_processor_with_loops - INFO - Progress: 29.9% (6720/22498), ETA: 618.9s
2025-08-15 14:59:01,642 - video_processor_with_loops - INFO - Progress: 30.9% (6960/22498), ETA: 609.9s
2025-08-15 14:59:11,283 - video_processor_with_loops - INFO - Progress: 32.0% (7200/22498), ETA: 601.0s
2025-08-15 14:59:20,892 - video_processor_with_loops - INFO - Progress: 33.1% (7440/22498), ETA: 591.9s
2025-08-15 14:59:30,588 - video_processor_with_loops - INFO - Progress: 34.1% (7680/22498), ETA: 583.0s
2025-08-15 14:59:40,535 - video_processor_with_loops - INFO - Progress: 35.2% (7920/22498), ETA: 574.5s
2025-08-15 14:59:50,291 - video_processor_with_loops - INFO - Progress: 36.3% (8160/22498), ETA: 565.5s
2025-08-15 15:00:00,054 - video_processor_with_loops - INFO - Progress: 37.3% (8400/22498), ETA: 556.6s
2025-08-15 15:00:09,702 - video_processor_with_loops - INFO - Progress: 38.4% (8640/22498), ETA: 547.4s
2025-08-15 15:00:19,238 - video_processor_with_loops - INFO - Progress: 39.5% (8880/22498), ETA: 538.0s
2025-08-15 15:00:28,385 - video_processor_with_loops - INFO - Progress: 40.5% (9120/22498), ETA: 528.0s
2025-08-15 15:00:37,723 - video_processor_with_loops - INFO - Progress: 41.6% (9360/22498), ETA: 518.3s
2025-08-15 15:00:46,787 - video_processor_with_loops - INFO - Progress: 42.7% (9600/22498), ETA: 508.3s
2025-08-15 15:00:55,947 - video_processor_with_loops - INFO - Progress: 43.7% (9840/22498), ETA: 498.5s
2025-08-15 15:01:05,146 - video_processor_with_loops - INFO - Progress: 44.8% (10080/22498), ETA: 488.7s
2025-08-15 15:01:14,351 - video_processor_with_loops - INFO - Progress: 45.9% (10320/22498), ETA: 479.0s
2025-08-15 15:01:23,422 - video_processor_with_loops - INFO - Progress: 46.9% (10560/22498), ETA: 469.1s
2025-08-15 15:01:32,593 - video_processor_with_loops - INFO - Progress: 48.0% (10800/22498), ETA: 459.4s
2025-08-15 15:01:41,553 - video_processor_with_loops - INFO - Progress: 49.1% (11040/22498), ETA: 449.5s
2025-08-15 15:01:50,630 - video_processor_with_loops - INFO - Progress: 50.1% (11280/22498), ETA: 439.8s
2025-08-15 15:01:59,679 - video_processor_with_loops - INFO - Progress: 51.2% (11520/22498), ETA: 430.0s
2025-08-15 15:02:08,748 - video_processor_with_loops - INFO - Progress: 52.3% (11760/22498), ETA: 420.3s
2025-08-15 15:02:17,738 - video_processor_with_loops - INFO - Progress: 53.3% (12000/22498), ETA: 410.6s
2025-08-15 15:02:26,870 - video_processor_with_loops - INFO - Progress: 54.4% (12240/22498), ETA: 401.0s
2025-08-15 15:02:36,159 - video_processor_with_loops - INFO - Progress: 55.5% (12480/22498), ETA: 391.5s
2025-08-15 15:02:45,567 - video_processor_with_loops - INFO - Progress: 56.5% (12720/22498), ETA: 382.1s
2025-08-15 15:02:54,976 - video_processor_with_loops - INFO - Progress: 57.6% (12960/22498), ETA: 372.8s
2025-08-15 15:03:04,375 - video_processor_with_loops - INFO - Progress: 58.7% (13200/22498), ETA: 363.4s
2025-08-15 15:03:13,844 - video_processor_with_loops - INFO - Progress: 59.7% (13440/22498), ETA: 354.1s
2025-08-15 15:03:23,417 - video_processor_with_loops - INFO - Progress: 60.8% (13680/22498), ETA: 344.8s
2025-08-15 15:03:33,101 - video_processor_with_loops - INFO - Progress: 61.9% (13920/22498), ETA: 335.6s
2025-08-15 15:03:42,647 - video_processor_with_loops - INFO - Progress: 62.9% (14160/22498), ETA: 326.3s
2025-08-15 15:03:52,495 - video_processor_with_loops - INFO - Progress: 64.0% (14400/22498), ETA: 317.2s
2025-08-15 15:04:02,412 - video_processor_with_loops - INFO - Progress: 65.1% (14640/22498), ETA: 308.1s
2025-08-15 15:04:12,032 - video_processor_with_loops - INFO - Progress: 66.1% (14880/22498), ETA: 298.8s
2025-08-15 15:04:21,580 - video_processor_with_loops - INFO - Progress: 67.2% (15120/22498), ETA: 289.4s
2025-08-15 15:04:31,169 - video_processor_with_loops - INFO - Progress: 68.3% (15360/22498), ETA: 280.1s
2025-08-15 15:04:40,767 - video_processor_with_loops - INFO - Progress: 69.3% (15600/22498), ETA: 270.8s
2025-08-15 15:04:50,422 - video_processor_with_loops - INFO - Progress: 70.4% (15840/22498), ETA: 261.4s
2025-08-15 15:05:00,451 - video_processor_with_loops - INFO - Progress: 71.5% (16080/22498), ETA: 252.3s
2025-08-15 15:05:10,632 - video_processor_with_loops - INFO - Progress: 72.5% (16320/22498), ETA: 243.1s
2025-08-15 15:05:20,658 - video_processor_with_loops - INFO - Progress: 73.6% (16560/22498), ETA: 233.9s
2025-08-15 15:05:30,407 - video_processor_with_loops - INFO - Progress: 74.7% (16800/22498), ETA: 224.5s
2025-08-15 15:05:40,104 - video_processor_with_loops - INFO - Progress: 75.7% (17040/22498), ETA: 215.1s
2025-08-15 15:05:49,686 - video_processor_with_loops - INFO - Progress: 76.8% (17280/22498), ETA: 205.7s
2025-08-15 15:05:59,117 - video_processor_with_loops - INFO - Progress: 77.9% (17520/22498), ETA: 196.2s
2025-08-15 15:06:08,304 - video_processor_with_loops - INFO - Progress: 78.9% (17760/22498), ETA: 186.7s
2025-08-15 15:06:17,501 - video_processor_with_loops - INFO - Progress: 80.0% (18000/22498), ETA: 177.2s
2025-08-15 15:06:26,752 - video_processor_with_loops - INFO - Progress: 81.1% (18240/22498), ETA: 167.7s
2025-08-15 15:06:36,067 - video_processor_with_loops - INFO - Progress: 82.1% (18480/22498), ETA: 158.2s
2025-08-15 15:06:45,482 - video_processor_with_loops - INFO - Progress: 83.2% (18720/22498), ETA: 148.7s
2025-08-15 15:06:54,914 - video_processor_with_loops - INFO - Progress: 84.3% (18960/22498), ETA: 139.3s
2025-08-15 15:07:04,335 - video_processor_with_loops - INFO - Progress: 85.3% (19200/22498), ETA: 129.8s
2025-08-15 15:07:13,657 - video_processor_with_loops - INFO - Progress: 86.4% (19440/22498), ETA: 120.4s
2025-08-15 15:07:22,884 - video_processor_with_loops - INFO - Progress: 87.5% (19680/22498), ETA: 110.9s
2025-08-15 15:07:32,158 - video_processor_with_loops - INFO - Progress: 88.5% (19920/22498), ETA: 101.4s
2025-08-15 15:07:41,644 - video_processor_with_loops - INFO - Progress: 89.6% (20160/22498), ETA: 92.0s
2025-08-15 15:07:51,097 - video_processor_with_loops - INFO - Progress: 90.7% (20400/22498), ETA: 82.5s
2025-08-15 15:08:00,502 - video_processor_with_loops - INFO - Progress: 91.7% (20640/22498), ETA: 73.1s
2025-08-15 15:08:10,188 - video_processor_with_loops - INFO - Progress: 92.8% (20880/22498), ETA: 63.7s
2025-08-15 15:08:19,812 - video_processor_with_loops - INFO - Progress: 93.9% (21120/22498), ETA: 54.2s
2025-08-15 15:08:28,916 - video_processor_with_loops - INFO - Progress: 94.9% (21360/22498), ETA: 44.8s
2025-08-15 15:08:38,191 - video_processor_with_loops - INFO - Progress: 96.0% (21600/22498), ETA: 35.3s
2025-08-15 15:08:47,461 - video_processor_with_loops - INFO - Progress: 97.1% (21840/22498), ETA: 25.9s
2025-08-15 15:08:56,708 - video_processor_with_loops - INFO - Progress: 98.1% (22080/22498), ETA: 16.4s
2025-08-15 15:09:06,212 - video_processor_with_loops - INFO - Progress: 99.2% (22320/22498), ETA: 7.0s
2025-08-15 15:09:13,399 - video_processor_with_loops - INFO - Converting to web-compatible MP4 format...
2025-08-15 15:14:27,528 - video_processor_with_loops - INFO - Exporting traffic data to JSON...
2025-08-15 15:14:27,645 - virtual_loop - INFO - Exported traffic data to processed_videos/Columbus-86th_2025-02-13_06-00-06_traffic_data.json
2025-08-15 15:14:27,645 - virtual_loop - INFO - Total crossings: 2910
2025-08-15 15:14:27,645 - virtual_loop - INFO - Time intervals: 61
2025-08-15 15:14:27,646 - video_processor_with_loops - INFO - Traffic counting summary:
2025-08-15 15:14:27,646 - video_processor_with_loops - INFO -   Total crossings: 2910
2025-08-15 15:14:27,646 - video_processor_with_loops - INFO -   Crossings by class: {'PC': 2413, 'Truck': 463, 'Bus': 3, 'Bk/Mc': 29, 'Ped': 2}
2025-08-15 15:14:27,646 - video_processor_with_loops - INFO -   Crossings by loop: {'Katonah_Ave_Entry': 5, 'Katonah_Ave_Exit': 2342, 'East_241st_Entry': 563, 'East_241st_Exit': 0}
2025-08-15 15:14:27,772 - video_processor_with_loops - INFO - ✅ Processing completed in 1199.3s
2025-08-15 15:14:27,772 - video_processor_with_loops - INFO - ✅ Video saved: processed_videos/Columbus-86th_2025-02-13_06-00-06_with_loops.mp4
2025-08-15 15:14:27,772 - video_processor_with_loops - INFO - ✅ Data saved: processed_videos/Columbus-86th_2025-02-13_06-00-06_traffic_data.json
2025-08-15 15:14:27,772 - video_processor_with_loops - INFO - Output video size: 396.7 MB
2025-08-15 15:14:27,772 - video_processor_with_loops - INFO - Output JSON size: 734.1 KB
2025-08-15 15:14:27,773 - __main__ - INFO - ✅ Successfully processed Columbus-86th
