INFO:__main__:🚀 Starting adjusted loop demo processing for all locations...
INFO:__main__:⏱️  This will process 3 full-length videos - estimated total time: 30-40 minutes
INFO:__main__:
🎯 Processing 74th-Amsterdam-Columbus...
INFO:__main__:Processing 74th-Amsterdam-Columbus full video: 240.1 MB
INFO:__main__:This will take several minutes with adjusted narrow loop...
INFO:video_processor_with_loops:Loading YOLO model from: /home/roboticslab/City College Dropbox/BO SHANG/gsv_truck/2025/ws/runs/best.pt
INFO:video_processor_with_loops:Model loaded successfully
INFO:video_processor_with_loops:Model classes: {0: 'Ped', 1: 'Bk/Mc', 2: 'PC', 3: 'Bus', 4: 'Truck', 5: 'Unknown', 6: 'trailer'}
INFO:virtual_loop:Added virtual loop: Side_Street_Traffic with 4 points
INFO:video_processor_with_loops:Initialized 1 virtual loops for 74th-Amsterdam-Columbus
INFO:video_processor_with_loops:Processing video with virtual loops: videos/74th-Amsterdam-Columbus_2025-02-13_06-00-04.mp4
INFO:video_processor_with_loops:Video specs: 1920x1080, 30fps, 10977 frames
INFO:video_processor_with_loops:Added exclusion zone: {'x1': 1715, 'y1': 347, 'x2': 1915, 'y2': 547}
INFO:video_processor_with_loops:Starting frame-by-frame processing...
INFO:virtual_loop:Loop Side_Street_Traffic: Vehicle 4 (PC) crossed entry at frame 187 - COUNT: 1
INFO:virtual_loop:Loop Side_Street_Traffic: Vehicle 8 (PC) crossed entry at frame 243 - COUNT: 2
INFO:video_processor_with_loops:Progress: 2.7% (300/10977), ETA: 601.2s
INFO:video_processor_with_loops:Progress: 5.5% (600/10977), ETA: 553.0s
INFO:video_processor_with_loops:Progress: 8.2% (900/10977), ETA: 529.9s
INFO:virtual_loop:Loop Side_Street_Traffic: Vehicle 26 (PC) crossed entry at frame 955 - COUNT: 3
INFO:virtual_loop:Loop Side_Street_Traffic: Vehicle 34 (PC) crossed entry at frame 1079 - COUNT: 4
INFO:video_processor_with_loops:Progress: 10.9% (1200/10977), ETA: 514.1s
INFO:virtual_loop:Loop Side_Street_Traffic: Vehicle 82 (PC) crossed entry at frame 1445 - COUNT: 5
INFO:video_processor_with_loops:Progress: 13.7% (1500/10977), ETA: 499.8s
INFO:virtual_loop:Loop Side_Street_Traffic: Vehicle 84 (PC) crossed entry at frame 1502 - COUNT: 6
INFO:virtual_loop:Loop Side_Street_Traffic: Vehicle 97 (PC) crossed entry at frame 1712 - COUNT: 7
INFO:virtual_loop:Loop Side_Street_Traffic: Vehicle 100 (Truck) crossed entry at frame 1788 - COUNT: 8
INFO:video_processor_with_loops:Progress: 16.4% (1800/10977), ETA: 483.7s
INFO:video_processor_with_loops:Progress: 19.1% (2100/10977), ETA: 466.4s
INFO:video_processor_with_loops:Progress: 21.9% (2400/10977), ETA: 450.5s
INFO:video_processor_with_loops:Progress: 24.6% (2700/10977), ETA: 434.5s
INFO:virtual_loop:Loop Side_Street_Traffic: Vehicle 139 (PC) crossed entry at frame 2715 - COUNT: 9
INFO:virtual_loop:Loop Side_Street_Traffic: Vehicle 129 (PC) crossed entry at frame 2755 - COUNT: 10
INFO:virtual_loop:Loop Side_Street_Traffic: Vehicle 129 (Truck) crossed entry at frame 2772 - COUNT: 11
INFO:virtual_loop:Loop Side_Street_Traffic: Vehicle 129 (Truck) crossed entry at frame 2832 - COUNT: 12
INFO:virtual_loop:Loop Side_Street_Traffic: Vehicle 158 (Truck) crossed entry at frame 2920 - COUNT: 13
INFO:virtual_loop:Loop Side_Street_Traffic: Vehicle 129 (Truck) crossed entry at frame 2960 - COUNT: 14
INFO:virtual_loop:Loop Side_Street_Traffic: Vehicle 129 (Truck) crossed entry at frame 2983 - COUNT: 15
INFO:video_processor_with_loops:Progress: 27.3% (3000/10977), ETA: 418.4s
INFO:virtual_loop:Loop Side_Street_Traffic: Vehicle 198 (PC) crossed entry at frame 3242 - COUNT: 16
INFO:virtual_loop:Loop Side_Street_Traffic: Vehicle 156 (Truck) crossed entry at frame 3284 - COUNT: 17
INFO:video_processor_with_loops:Progress: 30.1% (3300/10977), ETA: 401.7s
INFO:virtual_loop:Loop Side_Street_Traffic: Vehicle 196 (PC) crossed entry at frame 3377 - COUNT: 18
INFO:virtual_loop:Loop Side_Street_Traffic: Vehicle 219 (PC) crossed entry at frame 3547 - COUNT: 19
INFO:video_processor_with_loops:Progress: 32.8% (3600/10977), ETA: 384.7s
INFO:video_processor_with_loops:Progress: 35.5% (3900/10977), ETA: 366.0s
INFO:video_processor_with_loops:Progress: 38.3% (4200/10977), ETA: 347.8s
INFO:video_processor_with_loops:Progress: 41.0% (4500/10977), ETA: 330.5s
INFO:video_processor_with_loops:Progress: 43.7% (4800/10977), ETA: 314.5s
INFO:virtual_loop:Loop Side_Street_Traffic: Vehicle 238 (PC) crossed entry at frame 4875 - COUNT: 20
INFO:virtual_loop:Loop Side_Street_Traffic: Vehicle 242 (PC) crossed entry at frame 5002 - COUNT: 21
INFO:virtual_loop:Loop Side_Street_Traffic: Vehicle 244 (PC) crossed entry at frame 5038 - COUNT: 22
INFO:video_processor_with_loops:Progress: 46.5% (5100/10977), ETA: 298.9s
INFO:virtual_loop:Loop Side_Street_Traffic: Vehicle 246 (PC) crossed entry at frame 5106 - COUNT: 23
INFO:virtual_loop:Loop Side_Street_Traffic: Vehicle 253 (PC) crossed entry at frame 5190 - COUNT: 24
INFO:video_processor_with_loops:Progress: 49.2% (5400/10977), ETA: 283.6s
INFO:virtual_loop:Loop Side_Street_Traffic: Vehicle 263 (PC) crossed entry at frame 5596 - COUNT: 25
INFO:video_processor_with_loops:Progress: 51.9% (5700/10977), ETA: 267.8s
INFO:video_processor_with_loops:Progress: 54.7% (6000/10977), ETA: 251.6s
INFO:virtual_loop:Loop Side_Street_Traffic: Vehicle 288 (PC) crossed entry at frame 6173 - COUNT: 26
INFO:video_processor_with_loops:Progress: 57.4% (6300/10977), ETA: 236.1s
INFO:virtual_loop:Loop Side_Street_Traffic: Vehicle 296 (PC) crossed entry at frame 6321 - COUNT: 27
INFO:virtual_loop:Loop Side_Street_Traffic: Vehicle 301 (PC) crossed entry at frame 6500 - COUNT: 28
INFO:video_processor_with_loops:Progress: 60.1% (6600/10977), ETA: 220.6s
INFO:virtual_loop:Loop Side_Street_Traffic: Vehicle 309 (PC) crossed entry at frame 6661 - COUNT: 29
INFO:virtual_loop:Loop Side_Street_Traffic: Vehicle 314 (PC) crossed entry at frame 6707 - COUNT: 30
INFO:virtual_loop:Loop Side_Street_Traffic: Vehicle 317 (PC) crossed entry at frame 6794 - COUNT: 31
INFO:virtual_loop:Loop Side_Street_Traffic: Vehicle 320 (PC) crossed entry at frame 6880 - COUNT: 32
INFO:video_processor_with_loops:Progress: 62.9% (6900/10977), ETA: 205.5s
INFO:virtual_loop:Loop Side_Street_Traffic: Vehicle 329 (PC) crossed entry at frame 7089 - COUNT: 33
INFO:video_processor_with_loops:Progress: 65.6% (7200/10977), ETA: 190.2s
INFO:virtual_loop:Loop Side_Street_Traffic: Vehicle 337 (PC) crossed entry at frame 7262 - COUNT: 34
INFO:virtual_loop:Loop Side_Street_Traffic: Vehicle 339 (PC) crossed entry at frame 7319 - COUNT: 35
INFO:video_processor_with_loops:Progress: 68.3% (7500/10977), ETA: 174.9s
INFO:video_processor_with_loops:Progress: 71.1% (7800/10977), ETA: 159.3s
INFO:video_processor_with_loops:Progress: 73.8% (8100/10977), ETA: 144.0s
INFO:virtual_loop:Loop Side_Street_Traffic: Vehicle 345 (PC) crossed entry at frame 8163 - COUNT: 36
INFO:video_processor_with_loops:Progress: 76.5% (8400/10977), ETA: 129.3s
INFO:virtual_loop:Loop Side_Street_Traffic: Vehicle 363 (PC) crossed entry at frame 8546 - COUNT: 37
INFO:virtual_loop:Loop Side_Street_Traffic: Vehicle 373 (PC) crossed entry at frame 8690 - COUNT: 38
INFO:video_processor_with_loops:Progress: 79.3% (8700/10977), ETA: 114.3s
INFO:video_processor_with_loops:Progress: 82.0% (9000/10977), ETA: 99.2s
INFO:video_processor_with_loops:Progress: 84.7% (9300/10977), ETA: 84.1s
INFO:video_processor_with_loops:Progress: 87.5% (9600/10977), ETA: 69.0s
INFO:virtual_loop:Loop Side_Street_Traffic: Vehicle 412 (Truck) crossed entry at frame 9813 - COUNT: 39
INFO:virtual_loop:Loop Side_Street_Traffic: Vehicle 413 (PC) crossed entry at frame 9869 - COUNT: 40
INFO:video_processor_with_loops:Progress: 90.2% (9900/10977), ETA: 54.0s
INFO:virtual_loop:Loop Side_Street_Traffic: Vehicle 415 (PC) crossed entry at frame 9930 - COUNT: 41
INFO:virtual_loop:Loop Side_Street_Traffic: Vehicle 418 (PC) crossed entry at frame 9976 - COUNT: 42
INFO:virtual_loop:Loop Side_Street_Traffic: Vehicle 421 (PC) crossed entry at frame 10052 - COUNT: 43
INFO:virtual_loop:Loop Side_Street_Traffic: Vehicle 422 (PC) crossed entry at frame 10120 - COUNT: 44
INFO:video_processor_with_loops:Progress: 92.9% (10200/10977), ETA: 39.0s
INFO:virtual_loop:Loop Side_Street_Traffic: Vehicle 440 (PC) crossed entry at frame 10405 - COUNT: 45
INFO:virtual_loop:Loop Side_Street_Traffic: Vehicle 445 (PC) crossed entry at frame 10449 - COUNT: 46
INFO:virtual_loop:Loop Side_Street_Traffic: Vehicle 451 (PC) crossed entry at frame 10498 - COUNT: 47
INFO:video_processor_with_loops:Progress: 95.7% (10500/10977), ETA: 24.0s
INFO:virtual_loop:Loop Side_Street_Traffic: Vehicle 405 (PC) crossed entry at frame 10611 - COUNT: 48
INFO:virtual_loop:Loop Side_Street_Traffic: Vehicle 463 (PC) crossed entry at frame 10772 - COUNT: 49
INFO:video_processor_with_loops:Progress: 98.4% (10800/10977), ETA: 8.9s
INFO:virtual_loop:Loop Side_Street_Traffic: Vehicle 457 (PC) crossed entry at frame 10829 - COUNT: 50
INFO:video_processor_with_loops:Converting to web-compatible MP4 format...
INFO:video_processor_with_loops:Exporting traffic data to JSON...
INFO:virtual_loop:Exported traffic data to processed_videos/74th-Amsterdam-Columbus_adjusted_loop_full_demo.json
INFO:virtual_loop:Total crossings: 50
INFO:virtual_loop:Time intervals: 24
INFO:video_processor_with_loops:Traffic counting summary:
INFO:video_processor_with_loops:  Total crossings: 50
INFO:video_processor_with_loops:  Crossings by class: {'PC': 42, 'Truck': 8}
INFO:video_processor_with_loops:  Crossings by loop: {'Side_Street_Traffic': 50}
INFO:video_processor_with_loops:✅ Processing completed in 685.5s
INFO:video_processor_with_loops:✅ Video saved: processed_videos/74th-Amsterdam-Columbus_adjusted_loop_full_demo.mp4
INFO:video_processor_with_loops:✅ Data saved: processed_videos/74th-Amsterdam-Columbus_adjusted_loop_full_demo.json
INFO:video_processor_with_loops:Output video size: 269.4 MB
INFO:video_processor_with_loops:Output JSON size: 17.4 KB
INFO:__main__:✅ 74th-Amsterdam-Columbus adjusted loop demo completed successfully!
INFO:__main__:✅ Demo video created: 269.4 MB
INFO:__main__:🎥 Video URL: https://classificationbackend.boshang.online/processed-videos/74th-Amsterdam-Columbus_adjusted_loop_full_demo.mp4
INFO:__main__:✅ Traffic data created: 17.4 KB
INFO:__main__:
📊 74th-Amsterdam-Columbus traffic analysis:
INFO:__main__:    - Side_Street_Traffic: 50 vehicles
INFO:__main__:      • PC: 42
INFO:__main__:      • Truck: 8
INFO:__main__:  Total crossings: 50
INFO:__main__:  Time intervals: 24
INFO:__main__:
🎯 Processing Amsterdam-80th...
INFO:__main__:Processing Amsterdam-80th full video: 81.1 MB
INFO:__main__:This will take several minutes with adjusted narrow loop...
INFO:video_processor_with_loops:Loading YOLO model from: /home/roboticslab/City College Dropbox/BO SHANG/gsv_truck/2025/ws/runs/best.pt
INFO:video_processor_with_loops:Model loaded successfully
INFO:video_processor_with_loops:Model classes: {0: 'Ped', 1: 'Bk/Mc', 2: 'PC', 3: 'Bus', 4: 'Truck', 5: 'Unknown', 6: 'trailer'}
INFO:virtual_loop:Added virtual loop: Main_Traffic_Flow with 4 points
INFO:video_processor_with_loops:Initialized 1 virtual loops for Amsterdam-80th
INFO:video_processor_with_loops:Processing video with virtual loops: videos/Amsterdam-80th_2025-02-13_06-00-04.mp4
INFO:video_processor_with_loops:Video specs: 854x480, 25fps, 22605 frames
INFO:video_processor_with_loops:Starting frame-by-frame processing...
INFO:video_processor_with_loops:Progress: 1.1% (250/22605), ETA: 593.1s
INFO:video_processor_with_loops:Progress: 2.2% (500/22605), ETA: 577.6s
INFO:video_processor_with_loops:Progress: 3.3% (750/22605), ETA: 567.7s
INFO:video_processor_with_loops:Progress: 4.4% (1000/22605), ETA: 552.1s
INFO:video_processor_with_loops:Progress: 5.5% (1250/22605), ETA: 545.6s
INFO:video_processor_with_loops:Progress: 6.6% (1500/22605), ETA: 536.7s
INFO:video_processor_with_loops:Progress: 7.7% (1750/22605), ETA: 529.8s
INFO:video_processor_with_loops:Progress: 8.8% (2000/22605), ETA: 521.5s
INFO:video_processor_with_loops:Progress: 10.0% (2250/22605), ETA: 517.0s
INFO:video_processor_with_loops:Progress: 11.1% (2500/22605), ETA: 511.1s
INFO:video_processor_with_loops:Progress: 12.2% (2750/22605), ETA: 505.2s
INFO:video_processor_with_loops:Progress: 13.3% (3000/22605), ETA: 497.7s
INFO:video_processor_with_loops:Progress: 14.4% (3250/22605), ETA: 491.3s
INFO:video_processor_with_loops:Progress: 15.5% (3500/22605), ETA: 484.3s
INFO:video_processor_with_loops:Progress: 16.6% (3750/22605), ETA: 478.6s
INFO:video_processor_with_loops:Progress: 17.7% (4000/22605), ETA: 471.2s
INFO:video_processor_with_loops:Progress: 18.8% (4250/22605), ETA: 464.9s
INFO:video_processor_with_loops:Progress: 19.9% (4500/22605), ETA: 457.6s
INFO:video_processor_with_loops:Progress: 21.0% (4750/22605), ETA: 451.8s
INFO:video_processor_with_loops:Progress: 22.1% (5000/22605), ETA: 445.3s
INFO:video_processor_with_loops:Progress: 23.2% (5250/22605), ETA: 438.8s
INFO:video_processor_with_loops:Progress: 24.3% (5500/22605), ETA: 432.0s
INFO:video_processor_with_loops:Progress: 25.4% (5750/22605), ETA: 425.7s
INFO:video_processor_with_loops:Progress: 26.5% (6000/22605), ETA: 418.9s
INFO:video_processor_with_loops:Progress: 27.6% (6250/22605), ETA: 412.7s
INFO:video_processor_with_loops:Progress: 28.8% (6500/22605), ETA: 406.0s
INFO:video_processor_with_loops:Progress: 29.9% (6750/22605), ETA: 399.9s
INFO:video_processor_with_loops:Progress: 31.0% (7000/22605), ETA: 393.3s
INFO:video_processor_with_loops:Progress: 32.1% (7250/22605), ETA: 387.3s
INFO:video_processor_with_loops:Progress: 33.2% (7500/22605), ETA: 380.4s
INFO:video_processor_with_loops:Progress: 34.3% (7750/22605), ETA: 373.9s
INFO:video_processor_with_loops:Progress: 35.4% (8000/22605), ETA: 367.5s
INFO:video_processor_with_loops:Progress: 36.5% (8250/22605), ETA: 360.9s
INFO:video_processor_with_loops:Progress: 37.6% (8500/22605), ETA: 354.4s
INFO:video_processor_with_loops:Progress: 38.7% (8750/22605), ETA: 347.8s
INFO:video_processor_with_loops:Progress: 39.8% (9000/22605), ETA: 341.6s
INFO:video_processor_with_loops:Progress: 40.9% (9250/22605), ETA: 335.3s
INFO:video_processor_with_loops:Progress: 42.0% (9500/22605), ETA: 329.0s
INFO:video_processor_with_loops:Progress: 43.1% (9750/22605), ETA: 322.3s
INFO:video_processor_with_loops:Progress: 44.2% (10000/22605), ETA: 316.1s
INFO:video_processor_with_loops:Progress: 45.3% (10250/22605), ETA: 309.6s
INFO:video_processor_with_loops:Progress: 46.4% (10500/22605), ETA: 303.2s
INFO:video_processor_with_loops:Progress: 47.6% (10750/22605), ETA: 296.8s
INFO:video_processor_with_loops:Progress: 48.7% (11000/22605), ETA: 290.5s
INFO:video_processor_with_loops:Progress: 49.8% (11250/22605), ETA: 284.0s
INFO:video_processor_with_loops:Progress: 50.9% (11500/22605), ETA: 277.9s
INFO:video_processor_with_loops:Progress: 52.0% (11750/22605), ETA: 271.5s
INFO:video_processor_with_loops:Progress: 53.1% (12000/22605), ETA: 265.3s
INFO:video_processor_with_loops:Progress: 54.2% (12250/22605), ETA: 258.9s
INFO:video_processor_with_loops:Progress: 55.3% (12500/22605), ETA: 253.0s
INFO:video_processor_with_loops:Progress: 56.4% (12750/22605), ETA: 246.9s
INFO:video_processor_with_loops:Progress: 57.5% (13000/22605), ETA: 240.9s
INFO:video_processor_with_loops:Progress: 58.6% (13250/22605), ETA: 234.7s
INFO:video_processor_with_loops:Progress: 59.7% (13500/22605), ETA: 228.7s
INFO:video_processor_with_loops:Progress: 60.8% (13750/22605), ETA: 222.5s
INFO:video_processor_with_loops:Progress: 61.9% (14000/22605), ETA: 216.4s
INFO:video_processor_with_loops:Progress: 63.0% (14250/22605), ETA: 210.1s
INFO:video_processor_with_loops:Progress: 64.1% (14500/22605), ETA: 204.1s
INFO:video_processor_with_loops:Progress: 65.3% (14750/22605), ETA: 197.9s
INFO:video_processor_with_loops:Progress: 66.4% (15000/22605), ETA: 191.9s
INFO:video_processor_with_loops:Progress: 67.5% (15250/22605), ETA: 185.6s
INFO:video_processor_with_loops:Progress: 68.6% (15500/22605), ETA: 179.5s
INFO:video_processor_with_loops:Progress: 69.7% (15750/22605), ETA: 173.3s
INFO:video_processor_with_loops:Progress: 70.8% (16000/22605), ETA: 167.1s
INFO:video_processor_with_loops:Progress: 71.9% (16250/22605), ETA: 160.7s
INFO:video_processor_with_loops:Progress: 73.0% (16500/22605), ETA: 154.4s
INFO:video_processor_with_loops:Progress: 74.1% (16750/22605), ETA: 148.1s
INFO:video_processor_with_loops:Progress: 75.2% (17000/22605), ETA: 141.8s
INFO:video_processor_with_loops:Progress: 76.3% (17250/22605), ETA: 135.4s
INFO:video_processor_with_loops:Progress: 77.4% (17500/22605), ETA: 129.1s
INFO:video_processor_with_loops:Progress: 78.5% (17750/22605), ETA: 122.8s
INFO:video_processor_with_loops:Progress: 79.6% (18000/22605), ETA: 116.5s
INFO:video_processor_with_loops:Progress: 80.7% (18250/22605), ETA: 110.2s
INFO:video_processor_with_loops:Progress: 81.8% (18500/22605), ETA: 103.9s
INFO:video_processor_with_loops:Progress: 82.9% (18750/22605), ETA: 97.5s
INFO:video_processor_with_loops:Progress: 84.1% (19000/22605), ETA: 91.2s
INFO:video_processor_with_loops:Progress: 85.2% (19250/22605), ETA: 84.8s
INFO:video_processor_with_loops:Progress: 86.3% (19500/22605), ETA: 78.5s
INFO:video_processor_with_loops:Progress: 87.4% (19750/22605), ETA: 72.2s
INFO:video_processor_with_loops:Progress: 88.5% (20000/22605), ETA: 65.9s
INFO:video_processor_with_loops:Progress: 89.6% (20250/22605), ETA: 59.6s
INFO:video_processor_with_loops:Progress: 90.7% (20500/22605), ETA: 53.3s
INFO:video_processor_with_loops:Progress: 91.8% (20750/22605), ETA: 47.0s
INFO:video_processor_with_loops:Progress: 92.9% (21000/22605), ETA: 40.6s
INFO:video_processor_with_loops:Progress: 94.0% (21250/22605), ETA: 34.3s
INFO:video_processor_with_loops:Progress: 95.1% (21500/22605), ETA: 28.0s
INFO:video_processor_with_loops:Progress: 96.2% (21750/22605), ETA: 21.7s
INFO:video_processor_with_loops:Progress: 97.3% (22000/22605), ETA: 15.4s
INFO:video_processor_with_loops:Progress: 98.4% (22250/22605), ETA: 9.0s
INFO:video_processor_with_loops:Progress: 99.5% (22500/22605), ETA: 2.7s
INFO:video_processor_with_loops:Converting to web-compatible MP4 format...
INFO:video_processor_with_loops:Exporting traffic data to JSON...
INFO:virtual_loop:Exported traffic data to processed_videos/Amsterdam-80th_adjusted_loop_full_demo.json
INFO:virtual_loop:Total crossings: 0
INFO:virtual_loop:Time intervals: 0
INFO:video_processor_with_loops:Traffic counting summary:
INFO:video_processor_with_loops:  Total crossings: 0
INFO:video_processor_with_loops:  Crossings by class: {}
INFO:video_processor_with_loops:  Crossings by loop: {'Main_Traffic_Flow': 0}
INFO:video_processor_with_loops:✅ Processing completed in 644.4s
INFO:video_processor_with_loops:✅ Video saved: processed_videos/Amsterdam-80th_adjusted_loop_full_demo.mp4
INFO:video_processor_with_loops:✅ Data saved: processed_videos/Amsterdam-80th_adjusted_loop_full_demo.json
INFO:video_processor_with_loops:Output video size: 93.7 MB
INFO:video_processor_with_loops:Output JSON size: 0.5 KB
INFO:__main__:✅ Amsterdam-80th adjusted loop demo completed successfully!
INFO:__main__:✅ Demo video created: 93.7 MB
INFO:__main__:🎥 Video URL: https://classificationbackend.boshang.online/processed-videos/Amsterdam-80th_adjusted_loop_full_demo.mp4
INFO:__main__:✅ Traffic data created: 0.5 KB
INFO:__main__:
📊 Amsterdam-80th traffic analysis:
INFO:__main__:    - Main_Traffic_Flow: 0 vehicles
INFO:__main__:  Total crossings: 0
INFO:__main__:  Time intervals: 0
INFO:__main__:
🎯 Processing Columbus-86th...
INFO:__main__:Processing Columbus-86th full video: 292.8 MB
INFO:__main__:This will take several minutes with adjusted narrow loop...
INFO:video_processor_with_loops:Loading YOLO model from: /home/roboticslab/City College Dropbox/BO SHANG/gsv_truck/2025/ws/runs/best.pt
INFO:video_processor_with_loops:Model loaded successfully
INFO:video_processor_with_loops:Model classes: {0: 'Ped', 1: 'Bk/Mc', 2: 'PC', 3: 'Bus', 4: 'Truck', 5: 'Unknown', 6: 'trailer'}
INFO:virtual_loop:Added virtual loop: Primary_Traffic_Lane with 4 points
INFO:video_processor_with_loops:Initialized 1 virtual loops for Columbus-86th
INFO:video_processor_with_loops:Processing video with virtual loops: videos/Columbus-86th_2025-02-13_06-00-06.mp4
INFO:video_processor_with_loops:Video specs: 1920x1080, 24fps, 22498 frames
INFO:video_processor_with_loops:Added exclusion zone: {'x1': 1440, 'y1': 0, 'x2': 1920, 'y2': 648}
INFO:video_processor_with_loops:Starting frame-by-frame processing...
INFO:video_processor_with_loops:Progress: 1.1% (240/22498), ETA: 1104.0s
INFO:video_processor_with_loops:Progress: 2.1% (480/22498), ETA: 1059.7s
INFO:video_processor_with_loops:Progress: 3.2% (720/22498), ETA: 1040.3s
INFO:video_processor_with_loops:Progress: 4.3% (960/22498), ETA: 1017.7s
INFO:video_processor_with_loops:Progress: 5.3% (1200/22498), ETA: 1003.0s
INFO:video_processor_with_loops:Progress: 6.4% (1440/22498), ETA: 988.8s
INFO:video_processor_with_loops:Progress: 7.5% (1680/22498), ETA: 974.2s
INFO:video_processor_with_loops:Progress: 8.5% (1920/22498), ETA: 965.6s
INFO:video_processor_with_loops:Progress: 9.6% (2160/22498), ETA: 954.6s
INFO:video_processor_with_loops:Progress: 10.7% (2400/22498), ETA: 944.0s
INFO:video_processor_with_loops:Progress: 11.7% (2640/22498), ETA: 932.6s
INFO:video_processor_with_loops:Progress: 12.8% (2880/22498), ETA: 920.1s
INFO:video_processor_with_loops:Progress: 13.9% (3120/22498), ETA: 908.3s
INFO:video_processor_with_loops:Progress: 14.9% (3360/22498), ETA: 896.7s
INFO:video_processor_with_loops:Progress: 16.0% (3600/22498), ETA: 884.4s
INFO:video_processor_with_loops:Progress: 17.1% (3840/22498), ETA: 872.7s
INFO:video_processor_with_loops:Progress: 18.1% (4080/22498), ETA: 861.7s
INFO:video_processor_with_loops:Progress: 19.2% (4320/22498), ETA: 850.2s
INFO:video_processor_with_loops:Progress: 20.3% (4560/22498), ETA: 839.1s
INFO:video_processor_with_loops:Progress: 21.3% (4800/22498), ETA: 827.9s
INFO:video_processor_with_loops:Progress: 22.4% (5040/22498), ETA: 817.5s
INFO:video_processor_with_loops:Progress: 23.5% (5280/22498), ETA: 807.7s
INFO:video_processor_with_loops:Progress: 24.5% (5520/22498), ETA: 796.0s
INFO:video_processor_with_loops:Progress: 25.6% (5760/22498), ETA: 784.3s
INFO:video_processor_with_loops:Progress: 26.7% (6000/22498), ETA: 772.8s
INFO:video_processor_with_loops:Progress: 27.7% (6240/22498), ETA: 760.6s
INFO:video_processor_with_loops:Progress: 28.8% (6480/22498), ETA: 748.6s
INFO:video_processor_with_loops:Progress: 29.9% (6720/22498), ETA: 737.0s
INFO:video_processor_with_loops:Progress: 30.9% (6960/22498), ETA: 725.7s
INFO:video_processor_with_loops:Progress: 32.0% (7200/22498), ETA: 714.2s
INFO:video_processor_with_loops:Progress: 33.1% (7440/22498), ETA: 703.7s
INFO:video_processor_with_loops:Progress: 34.1% (7680/22498), ETA: 694.2s
INFO:video_processor_with_loops:Progress: 35.2% (7920/22498), ETA: 683.5s
INFO:video_processor_with_loops:Progress: 36.3% (8160/22498), ETA: 671.8s
INFO:video_processor_with_loops:Progress: 37.3% (8400/22498), ETA: 660.4s
INFO:video_processor_with_loops:Progress: 38.4% (8640/22498), ETA: 648.8s
INFO:video_processor_with_loops:Progress: 39.5% (8880/22498), ETA: 637.1s
INFO:video_processor_with_loops:Progress: 40.5% (9120/22498), ETA: 625.7s
INFO:video_processor_with_loops:Progress: 41.6% (9360/22498), ETA: 614.7s
INFO:video_processor_with_loops:Progress: 42.7% (9600/22498), ETA: 603.4s
INFO:video_processor_with_loops:Progress: 43.7% (9840/22498), ETA: 592.2s
INFO:video_processor_with_loops:Progress: 44.8% (10080/22498), ETA: 580.9s
INFO:video_processor_with_loops:Progress: 45.9% (10320/22498), ETA: 569.4s
INFO:video_processor_with_loops:Progress: 46.9% (10560/22498), ETA: 557.7s
INFO:video_processor_with_loops:Progress: 48.0% (10800/22498), ETA: 546.3s
INFO:video_processor_with_loops:Progress: 49.1% (11040/22498), ETA: 534.9s
INFO:video_processor_with_loops:Progress: 50.1% (11280/22498), ETA: 523.5s
INFO:video_processor_with_loops:Progress: 51.2% (11520/22498), ETA: 512.0s
INFO:video_processor_with_loops:Progress: 52.3% (11760/22498), ETA: 500.4s
INFO:video_processor_with_loops:Progress: 53.3% (12000/22498), ETA: 488.9s
INFO:video_processor_with_loops:Progress: 54.4% (12240/22498), ETA: 477.5s
INFO:video_processor_with_loops:Progress: 55.5% (12480/22498), ETA: 466.2s
INFO:video_processor_with_loops:Progress: 56.5% (12720/22498), ETA: 454.9s
INFO:video_processor_with_loops:Progress: 57.6% (12960/22498), ETA: 443.7s
INFO:video_processor_with_loops:Progress: 58.7% (13200/22498), ETA: 432.3s
INFO:video_processor_with_loops:Progress: 59.7% (13440/22498), ETA: 421.0s
INFO:video_processor_with_loops:Progress: 60.8% (13680/22498), ETA: 409.8s
INFO:video_processor_with_loops:Progress: 61.9% (13920/22498), ETA: 398.7s
INFO:video_processor_with_loops:Progress: 62.9% (14160/22498), ETA: 387.6s
INFO:video_processor_with_loops:Progress: 64.0% (14400/22498), ETA: 376.6s
INFO:video_processor_with_loops:Progress: 65.1% (14640/22498), ETA: 365.5s
INFO:video_processor_with_loops:Progress: 66.1% (14880/22498), ETA: 354.3s
INFO:video_processor_with_loops:Progress: 67.2% (15120/22498), ETA: 343.1s
INFO:video_processor_with_loops:Progress: 68.3% (15360/22498), ETA: 331.9s
INFO:video_processor_with_loops:Progress: 69.3% (15600/22498), ETA: 320.8s
INFO:video_processor_with_loops:Progress: 70.4% (15840/22498), ETA: 309.6s
INFO:video_processor_with_loops:Progress: 71.5% (16080/22498), ETA: 298.4s
INFO:video_processor_with_loops:Progress: 72.5% (16320/22498), ETA: 287.3s
INFO:video_processor_with_loops:Progress: 73.6% (16560/22498), ETA: 276.3s
INFO:video_processor_with_loops:Progress: 74.7% (16800/22498), ETA: 265.1s
INFO:video_processor_with_loops:Progress: 75.7% (17040/22498), ETA: 253.9s
INFO:video_processor_with_loops:Progress: 76.8% (17280/22498), ETA: 242.7s
INFO:video_processor_with_loops:Progress: 77.9% (17520/22498), ETA: 231.6s
INFO:video_processor_with_loops:Progress: 78.9% (17760/22498), ETA: 220.4s
INFO:video_processor_with_loops:Progress: 80.0% (18000/22498), ETA: 209.3s
INFO:video_processor_with_loops:Progress: 81.1% (18240/22498), ETA: 198.1s
INFO:video_processor_with_loops:Progress: 82.1% (18480/22498), ETA: 186.9s
INFO:video_processor_with_loops:Progress: 83.2% (18720/22498), ETA: 175.8s
INFO:video_processor_with_loops:Progress: 84.3% (18960/22498), ETA: 164.7s
INFO:video_processor_with_loops:Progress: 85.3% (19200/22498), ETA: 153.5s
INFO:video_processor_with_loops:Progress: 86.4% (19440/22498), ETA: 142.3s
INFO:video_processor_with_loops:Progress: 87.5% (19680/22498), ETA: 131.2s
INFO:video_processor_with_loops:Progress: 88.5% (19920/22498), ETA: 120.0s
INFO:video_processor_with_loops:Progress: 89.6% (20160/22498), ETA: 108.9s
INFO:video_processor_with_loops:Progress: 90.7% (20400/22498), ETA: 97.7s
INFO:video_processor_with_loops:Progress: 91.7% (20640/22498), ETA: 86.6s
INFO:video_processor_with_loops:Progress: 92.8% (20880/22498), ETA: 75.4s
INFO:video_processor_with_loops:Progress: 93.9% (21120/22498), ETA: 64.2s
INFO:video_processor_with_loops:Progress: 94.9% (21360/22498), ETA: 53.0s
INFO:video_processor_with_loops:Progress: 96.0% (21600/22498), ETA: 41.8s
INFO:video_processor_with_loops:Progress: 97.1% (21840/22498), ETA: 30.7s
INFO:video_processor_with_loops:Progress: 98.1% (22080/22498), ETA: 19.5s
INFO:video_processor_with_loops:Progress: 99.2% (22320/22498), ETA: 8.3s
INFO:video_processor_with_loops:Converting to web-compatible MP4 format...
INFO:video_processor_with_loops:Exporting traffic data to JSON...
INFO:virtual_loop:Exported traffic data to processed_videos/Columbus-86th_adjusted_loop_full_demo.json
INFO:virtual_loop:Total crossings: 0
INFO:virtual_loop:Time intervals: 0
INFO:video_processor_with_loops:Traffic counting summary:
INFO:video_processor_with_loops:  Total crossings: 0
INFO:video_processor_with_loops:  Crossings by class: {}
INFO:video_processor_with_loops:  Crossings by loop: {'Primary_Traffic_Lane': 0}
INFO:video_processor_with_loops:✅ Processing completed in 1333.6s
INFO:video_processor_with_loops:✅ Video saved: processed_videos/Columbus-86th_adjusted_loop_full_demo.mp4
INFO:video_processor_with_loops:✅ Data saved: processed_videos/Columbus-86th_adjusted_loop_full_demo.json
INFO:video_processor_with_loops:Output video size: 398.0 MB
INFO:video_processor_with_loops:Output JSON size: 0.5 KB
INFO:__main__:✅ Columbus-86th adjusted loop demo completed successfully!
INFO:__main__:✅ Demo video created: 398.0 MB
INFO:__main__:🎥 Video URL: https://classificationbackend.boshang.online/processed-videos/Columbus-86th_adjusted_loop_full_demo.mp4
INFO:__main__:✅ Traffic data created: 0.5 KB
INFO:__main__:
📊 Columbus-86th traffic analysis:
INFO:__main__:    - Primary_Traffic_Lane: 0 vehicles
INFO:__main__:  Total crossings: 0
INFO:__main__:  Time intervals: 0
INFO:__main__:
📋 Processing Summary:
INFO:__main__:  74th-Amsterdam-Columbus: ✅ Success
INFO:__main__:  Amsterdam-80th: ✅ Success
INFO:__main__:  Columbus-86th: ✅ Success
INFO:__main__:
🏁 Completed: 3/3 locations processed successfully
INFO:__main__:
🎯 All locations now have adjusted loop full demo videos:
INFO:__main__:  • 74th-Amsterdam-Columbus_adjusted_loop_full_demo.mp4
INFO:__main__:  • Amsterdam-80th_adjusted_loop_full_demo.mp4
INFO:__main__:  • Columbus-86th_adjusted_loop_full_demo.mp4
INFO:__main__:
🌐 Frontend will automatically use these videos when available!
