2025-08-15 12:47:25,961 - app.video_processor - INFO - Loading YOLO model from: /home/roboticslab/City College Dropbox/BO SHANG/gsv_truck/2025/ws/runs/best.pt
2025-08-15 12:47:26,076 - app.video_processor - INFO - Model loaded successfully
2025-08-15 12:47:26,077 - app.video_processor - INFO - Model classes: {0: 'Ped', 1: 'Bk/Mc', 2: 'PC', 3: 'Bus', 4: 'Truck', 5: 'Unknown', 6: 'trailer'}
2025-08-15 12:47:26,077 - __main__ - INFO - Reprocessing Columbus-86th with improved parameters...
2025-08-15 12:47:26,077 - __main__ - INFO - Processing video with improved parameters: videos/Columbus-86th_2025-02-13_06-00-06.mp4
2025-08-15 12:47:26,107 - __main__ - INFO - Video info: 1920x1080 @ 24fps, 22498 frames
2025-08-15 12:47:26,108 - __main__ - INFO - Added exclusion zone for Columbus-86th problematic area
2025-08-15 12:47:28,926 - __main__ - INFO - Progress: 0.1% (30/22498) - 10.7 FPS
2025-08-15 12:47:30,119 - __main__ - INFO - Progress: 0.3% (60/22498) - 15.0 FPS
2025-08-15 12:47:31,355 - __main__ - INFO - Progress: 0.4% (90/22498) - 17.2 FPS
2025-08-15 12:47:32,576 - __main__ - INFO - Progress: 0.5% (120/22498) - 18.6 FPS
2025-08-15 12:47:33,798 - __main__ - INFO - Progress: 0.7% (150/22498) - 19.5 FPS
2025-08-15 12:47:35,034 - __main__ - INFO - Progress: 0.8% (180/22498) - 20.2 FPS
2025-08-15 12:47:36,290 - __main__ - INFO - Progress: 0.9% (210/22498) - 20.6 FPS
2025-08-15 12:47:37,561 - __main__ - INFO - Progress: 1.1% (240/22498) - 21.0 FPS
2025-08-15 12:47:38,795 - __main__ - INFO - Progress: 1.2% (270/22498) - 21.3 FPS
2025-08-15 12:47:40,060 - __main__ - INFO - Progress: 1.3% (300/22498) - 21.5 FPS
2025-08-15 12:47:41,217 - __main__ - INFO - Progress: 1.5% (330/22498) - 21.8 FPS
2025-08-15 12:47:42,382 - __main__ - INFO - Progress: 1.6% (360/22498) - 22.1 FPS
2025-08-15 12:47:43,561 - __main__ - INFO - Progress: 1.7% (390/22498) - 22.3 FPS
2025-08-15 12:47:44,713 - __main__ - INFO - Progress: 1.9% (420/22498) - 22.6 FPS
2025-08-15 12:47:45,914 - __main__ - INFO - Progress: 2.0% (450/22498) - 22.7 FPS
2025-08-15 12:47:47,128 - __main__ - INFO - Progress: 2.1% (480/22498) - 22.8 FPS
2025-08-15 12:47:48,375 - __main__ - INFO - Progress: 2.3% (510/22498) - 22.9 FPS
2025-08-15 12:47:49,607 - __main__ - INFO - Progress: 2.4% (540/22498) - 23.0 FPS
2025-08-15 12:47:50,793 - __main__ - INFO - Progress: 2.5% (570/22498) - 23.1 FPS
2025-08-15 12:47:51,994 - __main__ - INFO - Progress: 2.7% (600/22498) - 23.2 FPS
2025-08-15 12:47:53,192 - __main__ - INFO - Progress: 2.8% (630/22498) - 23.3 FPS
2025-08-15 12:47:54,364 - __main__ - INFO - Progress: 2.9% (660/22498) - 23.4 FPS
2025-08-15 12:47:55,492 - __main__ - INFO - Progress: 3.1% (690/22498) - 23.5 FPS
2025-08-15 12:47:56,665 - __main__ - INFO - Progress: 3.2% (720/22498) - 23.6 FPS
2025-08-15 12:47:57,862 - __main__ - INFO - Progress: 3.3% (750/22498) - 23.6 FPS
2025-08-15 12:47:59,081 - __main__ - INFO - Progress: 3.5% (780/22498) - 23.7 FPS
2025-08-15 12:48:00,278 - __main__ - INFO - Progress: 3.6% (810/22498) - 23.7 FPS
2025-08-15 12:48:01,450 - __main__ - INFO - Progress: 3.7% (840/22498) - 23.8 FPS
2025-08-15 12:48:02,633 - __main__ - INFO - Progress: 3.9% (870/22498) - 23.8 FPS
2025-08-15 12:48:03,809 - __main__ - INFO - Progress: 4.0% (900/22498) - 23.9 FPS
2025-08-15 12:48:04,947 - __main__ - INFO - Progress: 4.1% (930/22498) - 23.9 FPS
2025-08-15 12:48:06,128 - __main__ - INFO - Progress: 4.3% (960/22498) - 24.0 FPS
2025-08-15 12:48:07,291 - __main__ - INFO - Progress: 4.4% (990/22498) - 24.0 FPS
2025-08-15 12:48:08,454 - __main__ - INFO - Progress: 4.5% (1020/22498) - 24.1 FPS
2025-08-15 12:48:09,653 - __main__ - INFO - Progress: 4.7% (1050/22498) - 24.1 FPS
2025-08-15 12:48:10,830 - __main__ - INFO - Progress: 4.8% (1080/22498) - 24.2 FPS
2025-08-15 12:48:12,029 - __main__ - INFO - Progress: 4.9% (1110/22498) - 24.2 FPS
2025-08-15 12:48:13,255 - __main__ - INFO - Progress: 5.1% (1140/22498) - 24.2 FPS
2025-08-15 12:48:14,423 - __main__ - INFO - Progress: 5.2% (1170/22498) - 24.2 FPS
2025-08-15 12:48:15,600 - __main__ - INFO - Progress: 5.3% (1200/22498) - 24.2 FPS
2025-08-15 12:48:16,758 - __main__ - INFO - Progress: 5.5% (1230/22498) - 24.3 FPS
2025-08-15 12:48:17,975 - __main__ - INFO - Progress: 5.6% (1260/22498) - 24.3 FPS
2025-08-15 12:48:19,300 - __main__ - INFO - Progress: 5.7% (1290/22498) - 24.3 FPS
2025-08-15 12:48:20,587 - __main__ - INFO - Progress: 5.9% (1320/22498) - 24.2 FPS
2025-08-15 12:48:21,758 - __main__ - INFO - Progress: 6.0% (1350/22498) - 24.3 FPS
2025-08-15 12:48:22,929 - __main__ - INFO - Progress: 6.1% (1380/22498) - 24.3 FPS
2025-08-15 12:48:24,101 - __main__ - INFO - Progress: 6.3% (1410/22498) - 24.3 FPS
2025-08-15 12:48:25,219 - __main__ - INFO - Progress: 6.4% (1440/22498) - 24.4 FPS
2025-08-15 12:48:26,364 - __main__ - INFO - Progress: 6.5% (1470/22498) - 24.4 FPS
2025-08-15 12:48:27,556 - __main__ - INFO - Progress: 6.7% (1500/22498) - 24.4 FPS
2025-08-15 12:48:28,773 - __main__ - INFO - Progress: 6.8% (1530/22498) - 24.4 FPS
2025-08-15 12:48:30,011 - __main__ - INFO - Progress: 6.9% (1560/22498) - 24.4 FPS
2025-08-15 12:48:31,262 - __main__ - INFO - Progress: 7.1% (1590/22498) - 24.4 FPS
2025-08-15 12:48:32,495 - __main__ - INFO - Progress: 7.2% (1620/22498) - 24.4 FPS
2025-08-15 12:48:33,754 - __main__ - INFO - Progress: 7.3% (1650/22498) - 24.4 FPS
2025-08-15 12:48:35,018 - __main__ - INFO - Progress: 7.5% (1680/22498) - 24.4 FPS
2025-08-15 12:48:36,234 - __main__ - INFO - Progress: 7.6% (1710/22498) - 24.4 FPS
2025-08-15 12:48:37,429 - __main__ - INFO - Progress: 7.7% (1740/22498) - 24.4 FPS
2025-08-15 12:48:38,617 - __main__ - INFO - Progress: 7.9% (1770/22498) - 24.4 FPS
2025-08-15 12:48:39,794 - __main__ - INFO - Progress: 8.0% (1800/22498) - 24.4 FPS
2025-08-15 12:48:41,031 - __main__ - INFO - Progress: 8.1% (1830/22498) - 24.4 FPS
2025-08-15 12:48:42,272 - __main__ - INFO - Progress: 8.3% (1860/22498) - 24.4 FPS
2025-08-15 12:48:43,496 - __main__ - INFO - Progress: 8.4% (1890/22498) - 24.4 FPS
2025-08-15 12:48:44,685 - __main__ - INFO - Progress: 8.5% (1920/22498) - 24.4 FPS
2025-08-15 12:48:45,869 - __main__ - INFO - Progress: 8.7% (1950/22498) - 24.4 FPS
2025-08-15 12:48:47,073 - __main__ - INFO - Progress: 8.8% (1980/22498) - 24.5 FPS
2025-08-15 12:48:48,310 - __main__ - INFO - Progress: 8.9% (2010/22498) - 24.5 FPS
2025-08-15 12:48:49,520 - __main__ - INFO - Progress: 9.1% (2040/22498) - 24.5 FPS
2025-08-15 12:48:50,723 - __main__ - INFO - Progress: 9.2% (2070/22498) - 24.5 FPS
2025-08-15 12:48:51,875 - __main__ - INFO - Progress: 9.3% (2100/22498) - 24.5 FPS
2025-08-15 12:48:53,070 - __main__ - INFO - Progress: 9.5% (2130/22498) - 24.5 FPS
2025-08-15 12:48:54,273 - __main__ - INFO - Progress: 9.6% (2160/22498) - 24.5 FPS
2025-08-15 12:48:55,514 - __main__ - INFO - Progress: 9.7% (2190/22498) - 24.5 FPS
2025-08-15 12:48:56,707 - __main__ - INFO - Progress: 9.9% (2220/22498) - 24.5 FPS
2025-08-15 12:48:57,914 - __main__ - INFO - Progress: 10.0% (2250/22498) - 24.5 FPS
2025-08-15 12:48:59,142 - __main__ - INFO - Progress: 10.1% (2280/22498) - 24.5 FPS
2025-08-15 12:49:00,385 - __main__ - INFO - Progress: 10.3% (2310/22498) - 24.5 FPS
2025-08-15 12:49:01,600 - __main__ - INFO - Progress: 10.4% (2340/22498) - 24.5 FPS
2025-08-15 12:49:02,828 - __main__ - INFO - Progress: 10.5% (2370/22498) - 24.5 FPS
2025-08-15 12:49:04,092 - __main__ - INFO - Progress: 10.7% (2400/22498) - 24.5 FPS
2025-08-15 12:49:05,286 - __main__ - INFO - Progress: 10.8% (2430/22498) - 24.5 FPS
2025-08-15 12:49:06,518 - __main__ - INFO - Progress: 10.9% (2460/22498) - 24.5 FPS
2025-08-15 12:49:07,770 - __main__ - INFO - Progress: 11.1% (2490/22498) - 24.5 FPS
2025-08-15 12:49:09,017 - __main__ - INFO - Progress: 11.2% (2520/22498) - 24.5 FPS
2025-08-15 12:49:10,293 - __main__ - INFO - Progress: 11.3% (2550/22498) - 24.5 FPS
2025-08-15 12:49:11,499 - __main__ - INFO - Progress: 11.5% (2580/22498) - 24.5 FPS
2025-08-15 12:49:12,704 - __main__ - INFO - Progress: 11.6% (2610/22498) - 24.5 FPS
2025-08-15 12:49:13,900 - __main__ - INFO - Progress: 11.7% (2640/22498) - 24.5 FPS
2025-08-15 12:49:15,045 - __main__ - INFO - Progress: 11.9% (2670/22498) - 24.5 FPS
2025-08-15 12:49:16,191 - __main__ - INFO - Progress: 12.0% (2700/22498) - 24.5 FPS
2025-08-15 12:49:17,333 - __main__ - INFO - Progress: 12.1% (2730/22498) - 24.5 FPS
2025-08-15 12:49:18,497 - __main__ - INFO - Progress: 12.3% (2760/22498) - 24.6 FPS
2025-08-15 12:49:19,710 - __main__ - INFO - Progress: 12.4% (2790/22498) - 24.6 FPS
2025-08-15 12:49:20,851 - __main__ - INFO - Progress: 12.5% (2820/22498) - 24.6 FPS
2025-08-15 12:49:21,970 - __main__ - INFO - Progress: 12.7% (2850/22498) - 24.6 FPS
2025-08-15 12:49:23,101 - __main__ - INFO - Progress: 12.8% (2880/22498) - 24.6 FPS
2025-08-15 12:49:24,247 - __main__ - INFO - Progress: 12.9% (2910/22498) - 24.6 FPS
2025-08-15 12:49:25,379 - __main__ - INFO - Progress: 13.1% (2940/22498) - 24.7 FPS
2025-08-15 12:49:26,513 - __main__ - INFO - Progress: 13.2% (2970/22498) - 24.7 FPS
2025-08-15 12:49:27,642 - __main__ - INFO - Progress: 13.3% (3000/22498) - 24.7 FPS
2025-08-15 12:49:28,778 - __main__ - INFO - Progress: 13.5% (3030/22498) - 24.7 FPS
2025-08-15 12:49:29,921 - __main__ - INFO - Progress: 13.6% (3060/22498) - 24.7 FPS
2025-08-15 12:49:31,015 - __main__ - INFO - Progress: 13.7% (3090/22498) - 24.7 FPS
2025-08-15 12:49:32,159 - __main__ - INFO - Progress: 13.9% (3120/22498) - 24.8 FPS
2025-08-15 12:49:33,301 - __main__ - INFO - Progress: 14.0% (3150/22498) - 24.8 FPS
2025-08-15 12:49:34,460 - __main__ - INFO - Progress: 14.1% (3180/22498) - 24.8 FPS
2025-08-15 12:49:35,606 - __main__ - INFO - Progress: 14.3% (3210/22498) - 24.8 FPS
2025-08-15 12:49:36,718 - __main__ - INFO - Progress: 14.4% (3240/22498) - 24.8 FPS
2025-08-15 12:49:37,843 - __main__ - INFO - Progress: 14.5% (3270/22498) - 24.8 FPS
2025-08-15 12:49:38,981 - __main__ - INFO - Progress: 14.7% (3300/22498) - 24.8 FPS
2025-08-15 12:49:40,139 - __main__ - INFO - Progress: 14.8% (3330/22498) - 24.8 FPS
2025-08-15 12:49:41,272 - __main__ - INFO - Progress: 14.9% (3360/22498) - 24.9 FPS
2025-08-15 12:49:42,391 - __main__ - INFO - Progress: 15.1% (3390/22498) - 24.9 FPS
2025-08-15 12:49:43,526 - __main__ - INFO - Progress: 15.2% (3420/22498) - 24.9 FPS
2025-08-15 12:49:44,650 - __main__ - INFO - Progress: 15.3% (3450/22498) - 24.9 FPS
2025-08-15 12:49:45,786 - __main__ - INFO - Progress: 15.5% (3480/22498) - 24.9 FPS
2025-08-15 12:49:46,965 - __main__ - INFO - Progress: 15.6% (3510/22498) - 24.9 FPS
2025-08-15 12:49:48,086 - __main__ - INFO - Progress: 15.7% (3540/22498) - 24.9 FPS
2025-08-15 12:49:49,172 - __main__ - INFO - Progress: 15.9% (3570/22498) - 25.0 FPS
2025-08-15 12:49:50,239 - __main__ - INFO - Progress: 16.0% (3600/22498) - 25.0 FPS
2025-08-15 12:49:51,353 - __main__ - INFO - Progress: 16.1% (3630/22498) - 25.0 FPS
2025-08-15 12:49:52,469 - __main__ - INFO - Progress: 16.3% (3660/22498) - 25.0 FPS
2025-08-15 12:49:53,592 - __main__ - INFO - Progress: 16.4% (3690/22498) - 25.0 FPS
2025-08-15 12:49:54,744 - __main__ - INFO - Progress: 16.5% (3720/22498) - 25.0 FPS
2025-08-15 12:49:55,876 - __main__ - INFO - Progress: 16.7% (3750/22498) - 25.0 FPS
2025-08-15 12:49:57,022 - __main__ - INFO - Progress: 16.8% (3780/22498) - 25.0 FPS
2025-08-15 12:49:58,170 - __main__ - INFO - Progress: 16.9% (3810/22498) - 25.1 FPS
2025-08-15 12:49:59,326 - __main__ - INFO - Progress: 17.1% (3840/22498) - 25.1 FPS
2025-08-15 12:50:00,480 - __main__ - INFO - Progress: 17.2% (3870/22498) - 25.1 FPS
2025-08-15 12:50:01,626 - __main__ - INFO - Progress: 17.3% (3900/22498) - 25.1 FPS
2025-08-15 12:50:02,786 - __main__ - INFO - Progress: 17.5% (3930/22498) - 25.1 FPS
2025-08-15 12:50:03,935 - __main__ - INFO - Progress: 17.6% (3960/22498) - 25.1 FPS
2025-08-15 12:50:05,076 - __main__ - INFO - Progress: 17.7% (3990/22498) - 25.1 FPS
2025-08-15 12:50:06,223 - __main__ - INFO - Progress: 17.9% (4020/22498) - 25.1 FPS
2025-08-15 12:50:07,370 - __main__ - INFO - Progress: 18.0% (4050/22498) - 25.1 FPS
2025-08-15 12:50:08,507 - __main__ - INFO - Progress: 18.1% (4080/22498) - 25.1 FPS
2025-08-15 12:50:09,684 - __main__ - INFO - Progress: 18.3% (4110/22498) - 25.1 FPS
2025-08-15 12:50:10,877 - __main__ - INFO - Progress: 18.4% (4140/22498) - 25.1 FPS
2025-08-15 12:50:12,045 - __main__ - INFO - Progress: 18.5% (4170/22498) - 25.1 FPS
2025-08-15 12:50:13,232 - __main__ - INFO - Progress: 18.7% (4200/22498) - 25.1 FPS
2025-08-15 12:50:14,398 - __main__ - INFO - Progress: 18.8% (4230/22498) - 25.1 FPS
2025-08-15 12:50:15,558 - __main__ - INFO - Progress: 18.9% (4260/22498) - 25.1 FPS
2025-08-15 12:50:16,731 - __main__ - INFO - Progress: 19.1% (4290/22498) - 25.1 FPS
2025-08-15 12:50:17,890 - __main__ - INFO - Progress: 19.2% (4320/22498) - 25.1 FPS
2025-08-15 12:50:19,074 - __main__ - INFO - Progress: 19.3% (4350/22498) - 25.1 FPS
2025-08-15 12:50:20,267 - __main__ - INFO - Progress: 19.5% (4380/22498) - 25.1 FPS
2025-08-15 12:50:21,459 - __main__ - INFO - Progress: 19.6% (4410/22498) - 25.1 FPS
2025-08-15 12:50:22,643 - __main__ - INFO - Progress: 19.7% (4440/22498) - 25.2 FPS
2025-08-15 12:50:23,851 - __main__ - INFO - Progress: 19.9% (4470/22498) - 25.1 FPS
2025-08-15 12:50:25,037 - __main__ - INFO - Progress: 20.0% (4500/22498) - 25.1 FPS
2025-08-15 12:50:26,249 - __main__ - INFO - Progress: 20.1% (4530/22498) - 25.1 FPS
2025-08-15 12:50:27,427 - __main__ - INFO - Progress: 20.3% (4560/22498) - 25.1 FPS
2025-08-15 12:50:28,617 - __main__ - INFO - Progress: 20.4% (4590/22498) - 25.1 FPS
2025-08-15 12:50:29,779 - __main__ - INFO - Progress: 20.5% (4620/22498) - 25.2 FPS
2025-08-15 12:50:30,940 - __main__ - INFO - Progress: 20.7% (4650/22498) - 25.2 FPS
2025-08-15 12:50:32,152 - __main__ - INFO - Progress: 20.8% (4680/22498) - 25.2 FPS
2025-08-15 12:50:33,362 - __main__ - INFO - Progress: 20.9% (4710/22498) - 25.2 FPS
2025-08-15 12:50:34,582 - __main__ - INFO - Progress: 21.1% (4740/22498) - 25.1 FPS
2025-08-15 12:50:35,789 - __main__ - INFO - Progress: 21.2% (4770/22498) - 25.1 FPS
2025-08-15 12:50:37,012 - __main__ - INFO - Progress: 21.3% (4800/22498) - 25.1 FPS
2025-08-15 12:50:38,232 - __main__ - INFO - Progress: 21.5% (4830/22498) - 25.1 FPS
2025-08-15 12:50:39,419 - __main__ - INFO - Progress: 21.6% (4860/22498) - 25.1 FPS
2025-08-15 12:50:40,624 - __main__ - INFO - Progress: 21.7% (4890/22498) - 25.1 FPS
2025-08-15 12:50:41,775 - __main__ - INFO - Progress: 21.9% (4920/22498) - 25.1 FPS
2025-08-15 12:50:42,975 - __main__ - INFO - Progress: 22.0% (4950/22498) - 25.1 FPS
2025-08-15 12:50:44,159 - __main__ - INFO - Progress: 22.1% (4980/22498) - 25.1 FPS
2025-08-15 12:50:45,344 - __main__ - INFO - Progress: 22.3% (5010/22498) - 25.1 FPS
2025-08-15 12:50:46,562 - __main__ - INFO - Progress: 22.4% (5040/22498) - 25.1 FPS
2025-08-15 12:50:47,773 - __main__ - INFO - Progress: 22.5% (5070/22498) - 25.1 FPS
2025-08-15 12:50:48,973 - __main__ - INFO - Progress: 22.7% (5100/22498) - 25.1 FPS
2025-08-15 12:50:50,146 - __main__ - INFO - Progress: 22.8% (5130/22498) - 25.1 FPS
2025-08-15 12:50:51,264 - __main__ - INFO - Progress: 22.9% (5160/22498) - 25.2 FPS
2025-08-15 12:50:52,414 - __main__ - INFO - Progress: 23.1% (5190/22498) - 25.2 FPS
2025-08-15 12:50:53,575 - __main__ - INFO - Progress: 23.2% (5220/22498) - 25.2 FPS
2025-08-15 12:50:54,773 - __main__ - INFO - Progress: 23.3% (5250/22498) - 25.2 FPS
2025-08-15 12:50:55,980 - __main__ - INFO - Progress: 23.5% (5280/22498) - 25.2 FPS
2025-08-15 12:50:57,171 - __main__ - INFO - Progress: 23.6% (5310/22498) - 25.2 FPS
2025-08-15 12:50:58,380 - __main__ - INFO - Progress: 23.7% (5340/22498) - 25.2 FPS
2025-08-15 12:50:59,610 - __main__ - INFO - Progress: 23.9% (5370/22498) - 25.2 FPS
2025-08-15 12:51:00,791 - __main__ - INFO - Progress: 24.0% (5400/22498) - 25.2 FPS
2025-08-15 12:51:01,918 - __main__ - INFO - Progress: 24.1% (5430/22498) - 25.2 FPS
2025-08-15 12:51:03,082 - __main__ - INFO - Progress: 24.3% (5460/22498) - 25.2 FPS
2025-08-15 12:51:04,256 - __main__ - INFO - Progress: 24.4% (5490/22498) - 25.2 FPS
2025-08-15 12:51:05,428 - __main__ - INFO - Progress: 24.5% (5520/22498) - 25.2 FPS
2025-08-15 12:51:06,616 - __main__ - INFO - Progress: 24.7% (5550/22498) - 25.2 FPS
2025-08-15 12:51:07,793 - __main__ - INFO - Progress: 24.8% (5580/22498) - 25.2 FPS
2025-08-15 12:51:08,966 - __main__ - INFO - Progress: 24.9% (5610/22498) - 25.2 FPS
2025-08-15 12:51:10,120 - __main__ - INFO - Progress: 25.1% (5640/22498) - 25.2 FPS
2025-08-15 12:51:11,271 - __main__ - INFO - Progress: 25.2% (5670/22498) - 25.2 FPS
2025-08-15 12:51:12,417 - __main__ - INFO - Progress: 25.3% (5700/22498) - 25.2 FPS
2025-08-15 12:51:13,585 - __main__ - INFO - Progress: 25.5% (5730/22498) - 25.2 FPS
2025-08-15 12:51:14,761 - __main__ - INFO - Progress: 25.6% (5760/22498) - 25.2 FPS
2025-08-15 12:51:15,938 - __main__ - INFO - Progress: 25.7% (5790/22498) - 25.2 FPS
2025-08-15 12:51:17,110 - __main__ - INFO - Progress: 25.9% (5820/22498) - 25.2 FPS
2025-08-15 12:51:18,303 - __main__ - INFO - Progress: 26.0% (5850/22498) - 25.2 FPS
2025-08-15 12:51:19,482 - __main__ - INFO - Progress: 26.1% (5880/22498) - 25.2 FPS
2025-08-15 12:51:20,644 - __main__ - INFO - Progress: 26.3% (5910/22498) - 25.2 FPS
2025-08-15 12:51:21,790 - __main__ - INFO - Progress: 26.4% (5940/22498) - 25.2 FPS
2025-08-15 12:51:22,946 - __main__ - INFO - Progress: 26.5% (5970/22498) - 25.2 FPS
2025-08-15 12:51:24,161 - __main__ - INFO - Progress: 26.7% (6000/22498) - 25.2 FPS
2025-08-15 12:51:25,420 - __main__ - INFO - Progress: 26.8% (6030/22498) - 25.2 FPS
2025-08-15 12:51:26,571 - __main__ - INFO - Progress: 26.9% (6060/22498) - 25.2 FPS
2025-08-15 12:51:27,698 - __main__ - INFO - Progress: 27.1% (6090/22498) - 25.2 FPS
2025-08-15 12:51:28,838 - __main__ - INFO - Progress: 27.2% (6120/22498) - 25.2 FPS
2025-08-15 12:51:30,011 - __main__ - INFO - Progress: 27.3% (6150/22498) - 25.2 FPS
2025-08-15 12:51:31,180 - __main__ - INFO - Progress: 27.5% (6180/22498) - 25.2 FPS
2025-08-15 12:51:32,337 - __main__ - INFO - Progress: 27.6% (6210/22498) - 25.2 FPS
2025-08-15 12:51:33,487 - __main__ - INFO - Progress: 27.7% (6240/22498) - 25.2 FPS
2025-08-15 12:51:34,660 - __main__ - INFO - Progress: 27.9% (6270/22498) - 25.2 FPS
2025-08-15 12:51:35,829 - __main__ - INFO - Progress: 28.0% (6300/22498) - 25.2 FPS
2025-08-15 12:51:36,976 - __main__ - INFO - Progress: 28.1% (6330/22498) - 25.2 FPS
2025-08-15 12:51:38,109 - __main__ - INFO - Progress: 28.3% (6360/22498) - 25.2 FPS
2025-08-15 12:51:39,253 - __main__ - INFO - Progress: 28.4% (6390/22498) - 25.2 FPS
2025-08-15 12:51:40,391 - __main__ - INFO - Progress: 28.5% (6420/22498) - 25.2 FPS
2025-08-15 12:51:41,531 - __main__ - INFO - Progress: 28.7% (6450/22498) - 25.3 FPS
2025-08-15 12:51:42,701 - __main__ - INFO - Progress: 28.8% (6480/22498) - 25.3 FPS
2025-08-15 12:51:43,866 - __main__ - INFO - Progress: 28.9% (6510/22498) - 25.3 FPS
2025-08-15 12:51:44,998 - __main__ - INFO - Progress: 29.1% (6540/22498) - 25.3 FPS
2025-08-15 12:51:46,129 - __main__ - INFO - Progress: 29.2% (6570/22498) - 25.3 FPS
2025-08-15 12:51:47,279 - __main__ - INFO - Progress: 29.3% (6600/22498) - 25.3 FPS
2025-08-15 12:51:48,446 - __main__ - INFO - Progress: 29.5% (6630/22498) - 25.3 FPS
2025-08-15 12:51:49,563 - __main__ - INFO - Progress: 29.6% (6660/22498) - 25.3 FPS
2025-08-15 12:51:50,695 - __main__ - INFO - Progress: 29.7% (6690/22498) - 25.3 FPS
2025-08-15 12:51:51,806 - __main__ - INFO - Progress: 29.9% (6720/22498) - 25.3 FPS
2025-08-15 12:51:52,925 - __main__ - INFO - Progress: 30.0% (6750/22498) - 25.3 FPS
2025-08-15 12:51:54,049 - __main__ - INFO - Progress: 30.1% (6780/22498) - 25.3 FPS
2025-08-15 12:51:55,209 - __main__ - INFO - Progress: 30.3% (6810/22498) - 25.3 FPS
2025-08-15 12:51:56,321 - __main__ - INFO - Progress: 30.4% (6840/22498) - 25.3 FPS
2025-08-15 12:51:57,423 - __main__ - INFO - Progress: 30.5% (6870/22498) - 25.3 FPS
2025-08-15 12:51:58,534 - __main__ - INFO - Progress: 30.7% (6900/22498) - 25.3 FPS
2025-08-15 12:51:59,647 - __main__ - INFO - Progress: 30.8% (6930/22498) - 25.3 FPS
2025-08-15 12:52:00,772 - __main__ - INFO - Progress: 30.9% (6960/22498) - 25.3 FPS
2025-08-15 12:52:01,900 - __main__ - INFO - Progress: 31.1% (6990/22498) - 25.3 FPS
2025-08-15 12:52:03,042 - __main__ - INFO - Progress: 31.2% (7020/22498) - 25.3 FPS
2025-08-15 12:52:04,171 - __main__ - INFO - Progress: 31.3% (7050/22498) - 25.4 FPS
2025-08-15 12:52:05,279 - __main__ - INFO - Progress: 31.5% (7080/22498) - 25.4 FPS
2025-08-15 12:52:06,393 - __main__ - INFO - Progress: 31.6% (7110/22498) - 25.4 FPS
2025-08-15 12:52:07,501 - __main__ - INFO - Progress: 31.7% (7140/22498) - 25.4 FPS
2025-08-15 12:52:08,601 - __main__ - INFO - Progress: 31.9% (7170/22498) - 25.4 FPS
2025-08-15 12:52:09,713 - __main__ - INFO - Progress: 32.0% (7200/22498) - 25.4 FPS
2025-08-15 12:52:10,868 - __main__ - INFO - Progress: 32.1% (7230/22498) - 25.4 FPS
2025-08-15 12:52:11,975 - __main__ - INFO - Progress: 32.3% (7260/22498) - 25.4 FPS
2025-08-15 12:52:13,099 - __main__ - INFO - Progress: 32.4% (7290/22498) - 25.4 FPS
2025-08-15 12:52:14,214 - __main__ - INFO - Progress: 32.5% (7320/22498) - 25.4 FPS
2025-08-15 12:52:15,342 - __main__ - INFO - Progress: 32.7% (7350/22498) - 25.4 FPS
2025-08-15 12:52:16,468 - __main__ - INFO - Progress: 32.8% (7380/22498) - 25.4 FPS
2025-08-15 12:52:17,615 - __main__ - INFO - Progress: 32.9% (7410/22498) - 25.4 FPS
2025-08-15 12:52:18,783 - __main__ - INFO - Progress: 33.1% (7440/22498) - 25.4 FPS
2025-08-15 12:52:20,001 - __main__ - INFO - Progress: 33.2% (7470/22498) - 25.4 FPS
2025-08-15 12:52:21,223 - __main__ - INFO - Progress: 33.3% (7500/22498) - 25.4 FPS
2025-08-15 12:52:22,434 - __main__ - INFO - Progress: 33.5% (7530/22498) - 25.4 FPS
2025-08-15 12:52:23,586 - __main__ - INFO - Progress: 33.6% (7560/22498) - 25.4 FPS
2025-08-15 12:52:24,778 - __main__ - INFO - Progress: 33.7% (7590/22498) - 25.4 FPS
2025-08-15 12:52:25,981 - __main__ - INFO - Progress: 33.9% (7620/22498) - 25.4 FPS
2025-08-15 12:52:27,192 - __main__ - INFO - Progress: 34.0% (7650/22498) - 25.4 FPS
2025-08-15 12:52:28,422 - __main__ - INFO - Progress: 34.1% (7680/22498) - 25.4 FPS
2025-08-15 12:52:29,627 - __main__ - INFO - Progress: 34.3% (7710/22498) - 25.4 FPS
2025-08-15 12:52:30,849 - __main__ - INFO - Progress: 34.4% (7740/22498) - 25.4 FPS
2025-08-15 12:52:32,052 - __main__ - INFO - Progress: 34.5% (7770/22498) - 25.4 FPS
