2025-08-15 13:18:55,363 - app.video_processor - INFO - Loading YOLO model from: /home/roboticslab/City College Dropbox/BO SHANG/gsv_truck/2025/ws/runs/best.pt
2025-08-15 13:18:55,490 - app.video_processor - INFO - Model loaded successfully
2025-08-15 13:18:55,490 - app.video_processor - INFO - Model classes: {0: 'Ped', 1: 'Bk/Mc', 2: 'PC', 3: 'Bus', 4: 'Truck', 5: 'Unknown', 6: 'trailer'}
2025-08-15 13:18:55,490 - __main__ - INFO - Processing Richmond Hill Road video: videos/74th-Amsterdam-Columbus_2025-02-13_06-00-04.mp4
2025-08-15 13:18:55,525 - __main__ - INFO - Video specs: 1920x1080, 30fps, 10977 frames
2025-08-15 13:18:55,526 - __main__ - INFO - Added exclusion zone: {'x1': 1715, 'y1': 347, 'x2': 1915, 'y2': 547}
2025-08-15 13:18:55,526 - __main__ - INFO - Added precise traffic light exclusion zone for Richmond Hill Road at (1715,347)-(1915,547)
2025-08-15 13:19:08,646 - __main__ - INFO - Progress: 2.7% (300/10977), ETA: 466.9s
2025-08-15 13:19:20,064 - __main__ - INFO - Progress: 5.5% (600/10977), ETA: 424.3s
2025-08-15 13:19:31,985 - __main__ - INFO - Progress: 8.2% (900/10977), ETA: 408.2s
2025-08-15 13:19:44,349 - __main__ - INFO - Progress: 10.9% (1200/10977), ETA: 397.8s
2025-08-15 13:19:56,793 - __main__ - INFO - Progress: 13.7% (1500/10977), ETA: 387.1s
2025-08-15 13:20:08,995 - __main__ - INFO - Progress: 16.4% (1800/10977), ETA: 374.6s
2025-08-15 13:20:20,878 - __main__ - INFO - Progress: 19.1% (2100/10977), ETA: 360.8s
2025-08-15 13:20:32,962 - __main__ - INFO - Progress: 21.9% (2400/10977), ETA: 348.2s
2025-08-15 13:20:45,426 - __main__ - INFO - Progress: 24.6% (2700/10977), ETA: 336.9s
2025-08-15 13:20:58,940 - __main__ - INFO - Progress: 27.3% (3000/10977), ETA: 328.2s
2025-08-15 13:21:11,300 - __main__ - INFO - Progress: 30.1% (3300/10977), ETA: 315.9s
2025-08-15 13:21:23,368 - __main__ - INFO - Progress: 32.8% (3600/10977), ETA: 302.9s
2025-08-15 13:21:34,537 - __main__ - INFO - Progress: 35.5% (3900/10977), ETA: 288.5s
2025-08-15 13:21:45,065 - __main__ - INFO - Progress: 38.3% (4200/10977), ETA: 273.6s
2025-08-15 13:21:55,702 - __main__ - INFO - Progress: 41.0% (4500/10977), ETA: 259.3s
2025-08-15 13:22:06,496 - __main__ - INFO - Progress: 43.7% (4800/10977), ETA: 245.8s
2025-08-15 13:22:17,363 - __main__ - INFO - Progress: 46.5% (5100/10977), ETA: 232.6s
2025-08-15 13:22:28,429 - __main__ - INFO - Progress: 49.2% (5400/10977), ETA: 219.9s
2025-08-15 13:22:39,052 - __main__ - INFO - Progress: 51.9% (5700/10977), ETA: 206.9s
2025-08-15 13:22:49,280 - __main__ - INFO - Progress: 54.7% (6000/10977), ETA: 193.9s
2025-08-15 13:23:00,371 - __main__ - INFO - Progress: 57.4% (6300/10977), ETA: 181.8s
2025-08-15 13:23:11,043 - __main__ - INFO - Progress: 60.1% (6600/10977), ETA: 169.5s
2025-08-15 13:23:21,948 - __main__ - INFO - Progress: 62.9% (6900/10977), ETA: 157.4s
2025-08-15 13:23:32,830 - __main__ - INFO - Progress: 65.6% (7200/10977), ETA: 145.5s
2025-08-15 13:23:43,348 - __main__ - INFO - Progress: 68.3% (7500/10977), ETA: 133.4s
2025-08-15 13:23:53,422 - __main__ - INFO - Progress: 71.1% (7800/10977), ETA: 121.3s
2025-08-15 13:24:03,809 - __main__ - INFO - Progress: 73.8% (8100/10977), ETA: 109.5s
2025-08-15 13:24:15,078 - __main__ - INFO - Progress: 76.5% (8400/10977), ETA: 98.0s
2025-08-15 13:24:26,399 - __main__ - INFO - Progress: 79.3% (8700/10977), ETA: 86.6s
2025-08-15 13:24:38,152 - __main__ - INFO - Progress: 82.0% (9000/10977), ETA: 75.3s
2025-08-15 13:24:48,909 - __main__ - INFO - Progress: 84.7% (9300/10977), ETA: 63.7s
2025-08-15 13:24:59,609 - __main__ - INFO - Progress: 87.5% (9600/10977), ETA: 52.2s
2025-08-15 13:25:10,651 - __main__ - INFO - Progress: 90.2% (9900/10977), ETA: 40.8s
2025-08-15 13:25:21,601 - __main__ - INFO - Progress: 92.9% (10200/10977), ETA: 29.4s
2025-08-15 13:25:32,897 - __main__ - INFO - Progress: 95.7% (10500/10977), ETA: 18.1s
2025-08-15 13:25:43,775 - __main__ - INFO - Progress: 98.4% (10800/10977), ETA: 6.7s
2025-08-15 13:25:50,078 - __main__ - INFO - Converting to web-compatible MP4 format...
2025-08-15 13:28:03,933 - __main__ - INFO - ✅ Processing completed in 548.4s
2025-08-15 13:28:03,933 - __main__ - INFO - ✅ Saved: processed_videos/74th-Amsterdam-Columbus_2025-02-13_06-00-04_processed_fixed.mp4
2025-08-15 13:28:03,933 - __main__ - INFO - Output file size: 267.3 MB
2025-08-15 13:28:03,933 - __main__ - INFO - ✅ Richmond Hill Road video processing completed successfully!
2025-08-15 13:28:03,933 - __main__ - INFO - Backed up original to: processed_videos/74th-Amsterdam-Columbus_2025-02-13_06-00-04_processed_original.mp4
2025-08-15 13:28:03,933 - __main__ - INFO - Replaced original with fixed version: processed_videos/74th-Amsterdam-Columbus_2025-02-13_06-00-04_processed.mp4
